{"C:\\Users\\Administrator\\Desktop\\sumit\\nodeJs-task\\src\\index.ts": {"path":"C:\\Users\\Administrator\\Desktop\\sumit\\nodeJs-task\\src\\index.ts","statementMap":{"0":{"start":{"line":1,"column":0},"end":{"line":1,"column":42}},"1":{"start":{"line":2,"column":0},"end":{"line":2,"column":24}},"2":{"start":{"line":3,"column":24},"end":{"line":3,"column":33}},"3":{"start":{"line":4,"column":0},"end":{"line":4,"column":36}},"4":{"start":{"line":7,"column":0},"end":{"line":7,"column":24}},"5":{"start":{"line":10,"column":19},"end":{"line":10,"column":44}},"6":{"start":{"line":11,"column":18},"end":{"line":11,"column":22}},"7":{"start":{"line":12,"column":0},"end":{"line":12,"column":81}},"8":{"start":{"line":12,"column":30},"end":{"line":12,"column":79}},"9":{"start":{"line":14,"column":0},"end":{"line":14,"column":22}}},"fnMap":{"0":{"name":"(anonymous_1)","decl":{"start":{"line":12,"column":24},"end":{"line":12,"column":27}},"loc":{"start":{"line":12,"column":30},"end":{"line":12,"column":79}}}},"branchMap":{},"s":{"0":1,"1":1,"2":1,"3":1,"4":1,"5":1,"6":1,"7":1,"8":1,"9":1},"f":{"0":1},"b":{}}
,"C:\\Users\\Administrator\\Desktop\\sumit\\nodeJs-task\\src\\controller\\stock-info.ts": {"path":"C:\\Users\\Administrator\\Desktop\\sumit\\nodeJs-task\\src\\controller\\stock-info.ts","statementMap":{"0":{"start":{"line":1,"column":0},"end":{"line":1,"column":20}},"1":{"start":{"line":4,"column":24},"end":{"line":9,"column":1}},"2":{"start":{"line":5,"column":16},"end":{"line":5,"column":31}},"3":{"start":{"line":6,"column":4},"end":{"line":8,"column":7}},"4":{"start":{"line":7,"column":8},"end":{"line":7,"column":23}},"5":{"start":{"line":4,"column":13},"end":{"line":4,"column":24}},"6":{"start":{"line":13,"column":32},"end":{"line":28,"column":2}},"7":{"start":{"line":14,"column":28},"end":{"line":14,"column":61}},"8":{"start":{"line":15,"column":34},"end":{"line":15,"column":74}},"9":{"start":{"line":16,"column":4},"end":{"line":27,"column":7}},"10":{"start":{"line":17,"column":23},"end":{"line":17,"column":25}},"11":{"start":{"line":18,"column":8},"end":{"line":26,"column":7}},"12":{"start":{"line":19,"column":28},"end":{"line":19,"column":43}},"13":{"start":{"line":20,"column":12},"end":{"line":25,"column":11}},"14":{"start":{"line":21,"column":29},"end":{"line":21,"column":49}},"15":{"start":{"line":22,"column":12},"end":{"line":22,"column":96}},"16":{"start":{"line":23,"column":12},"end":{"line":23,"column":30}},"17":{"start":{"line":13,"column":14},"end":{"line":13,"column":32}},"18":{"start":{"line":31,"column":31},"end":{"line":53,"column":2}},"19":{"start":{"line":32,"column":18},"end":{"line":32,"column":58}},"20":{"start":{"line":32,"column":45},"end":{"line":32,"column":57}},"21":{"start":{"line":33,"column":24},"end":{"line":33,"column":66}},"22":{"start":{"line":33,"column":53},"end":{"line":33,"column":65}},"23":{"start":{"line":34,"column":31},"end":{"line":34,"column":32}},"24":{"start":{"line":35,"column":4},"end":{"line":52,"column":null}},"25":{"start":{"line":36,"column":8},"end":{"line":42,"column":null}},"26":{"start":{"line":36,"column":19},"end":{"line":36,"column":20}},"27":{"start":{"line":37,"column":12},"end":{"line":41,"column":null}},"28":{"start":{"line":38,"column":16},"end":{"line":38,"column":81}},"29":{"start":{"line":40,"column":16},"end":{"line":40,"column":81}},"30":{"start":{"line":43,"column":23},"end":{"line":43,"column":49}},"31":{"start":{"line":44,"column":8},"end":{"line":47,"column":null}},"32":{"start":{"line":49,"column":8},"end":{"line":51,"column":null}},"33":{"start":{"line":55,"column":1},"end":{"line":55,"column":29}}},"fnMap":{"0":{"name":"(anonymous_1)","decl":{"start":{"line":4,"column":24},"end":{"line":4,"column":29}},"loc":{"start":{"line":4,"column":82},"end":{"line":9,"column":1}}},"1":{"name":"(anonymous_2)","decl":{"start":{"line":6,"column":30},"end":{"line":6,"column":31}},"loc":{"start":{"line":6,"column":38},"end":{"line":8,"column":5}}},"2":{"name":"(anonymous_3)","decl":{"start":{"line":13,"column":32},"end":{"line":13,"column":41}},"loc":{"start":{"line":13,"column":52},"end":{"line":28,"column":2}}},"3":{"name":"(anonymous_4)","decl":{"start":{"line":16,"column":23},"end":{"line":16,"column":24}},"loc":{"start":{"line":16,"column":43},"end":{"line":27,"column":5}}},"4":{"name":"(anonymous_5)","decl":{"start":{"line":18,"column":34},"end":{"line":18,"column":35}},"loc":{"start":{"line":18,"column":42},"end":{"line":26,"column":5}}},"5":{"name":"(anonymous_6)","decl":{"start":{"line":20,"column":44},"end":{"line":20,"column":45}},"loc":{"start":{"line":20,"column":62},"end":{"line":25,"column":9}}},"6":{"name":"(anonymous_7)","decl":{"start":{"line":31,"column":31},"end":{"line":31,"column":41}},"loc":{"start":{"line":31,"column":116},"end":{"line":53,"column":2}}},"7":{"name":"(anonymous_8)","decl":{"start":{"line":32,"column":33},"end":{"line":32,"column":34}},"loc":{"start":{"line":32,"column":45},"end":{"line":32,"column":57}}},"8":{"name":"(anonymous_9)","decl":{"start":{"line":33,"column":41},"end":{"line":33,"column":42}},"loc":{"start":{"line":33,"column":53},"end":{"line":33,"column":65}}}},"branchMap":{"0":{"loc":{"start":{"line":35,"column":4},"end":{"line":52,"column":null}},"type":"if","locations":[{"start":{"line":35,"column":4},"end":{"line":52,"column":null}},{"start":{"line":48,"column":11},"end":{"line":52,"column":null}}]},"1":{"loc":{"start":{"line":37,"column":12},"end":{"line":41,"column":null}},"type":"if","locations":[{"start":{"line":37,"column":12},"end":{"line":41,"column":null}},{"start":{"line":39,"column":19},"end":{"line":41,"column":null}}]}},"s":{"0":1,"1":1,"2":2,"3":2,"4":2,"5":1,"6":1,"7":2,"8":2,"9":2,"10":2,"11":2,"12":2,"13":2,"14":2,"15":2,"16":2,"17":1,"18":1,"19":2,"20":138,"21":2,"22":2200,"23":2,"24":2,"25":1,"26":1,"27":17,"28":12,"29":5,"30":1,"31":1,"32":1,"33":1},"f":{"0":2,"1":2,"2":2,"3":2,"4":2,"5":2,"6":2,"7":138,"8":2200},"b":{"0":[1,1],"1":[12,5]}}
,"C:\\Users\\Administrator\\Desktop\\sumit\\nodeJs-task\\src\\routes\\stock.ts": {"path":"C:\\Users\\Administrator\\Desktop\\sumit\\nodeJs-task\\src\\routes\\stock.ts","statementMap":{"0":{"start":{"line":2,"column":0},"end":{"line":2,"column":30}},"1":{"start":{"line":3,"column":0},"end":{"line":3,"column":55}},"2":{"start":{"line":4,"column":15},"end":{"line":4,"column":31}},"3":{"start":{"line":6,"column":0},"end":{"line":6,"column":60}},"4":{"start":{"line":8,"column":0},"end":{"line":8,"column":22}}},"fnMap":{},"branchMap":{},"s":{"0":1,"1":1,"2":1,"3":1,"4":1},"f":{},"b":{}}
}
