TN:
SF:src\index.ts
FN:12,(anonymous_1)
FNF:1
FNH:1
FNDA:1,(anonymous_1)
DA:1,1
DA:2,1
DA:3,1
DA:4,1
DA:7,1
DA:10,1
DA:11,1
DA:12,1
DA:14,1
LF:9
LH:9
BRF:0
BRH:0
end_of_record
TN:
SF:src\controller\stock-info.ts
FN:4,(anonymous_1)
FN:6,(anonymous_2)
FN:13,(anonymous_3)
FN:16,(anonymous_4)
FN:18,(anonymous_5)
FN:20,(anonymous_6)
FN:31,(anonymous_7)
FN:32,(anonymous_8)
FN:33,(anonymous_9)
FNF:9
FNH:9
FNDA:2,(anonymous_1)
FNDA:2,(anonymous_2)
FNDA:2,(anonymous_3)
FNDA:2,(anonymous_4)
FNDA:2,(anonymous_5)
FNDA:2,(anonymous_6)
FNDA:2,(anonymous_7)
FNDA:138,(anonymous_8)
FNDA:2200,(anonymous_9)
DA:1,1
DA:4,1
DA:5,2
DA:6,2
DA:7,2
DA:13,1
DA:14,2
DA:15,2
DA:16,2
DA:17,2
DA:18,2
DA:19,2
DA:20,2
DA:21,2
DA:22,2
DA:23,2
DA:31,1
DA:32,138
DA:33,2200
DA:34,2
DA:35,2
DA:36,1
DA:37,17
DA:38,12
DA:40,5
DA:43,1
DA:44,1
DA:49,1
DA:55,1
LF:29
LH:29
BRDA:35,0,0,1
BRDA:35,0,1,1
BRDA:37,1,0,12
BRDA:37,1,1,5
BRF:4
BRH:4
end_of_record
TN:
SF:src\routes\stock.ts
FNF:0
FNH:0
DA:2,1
DA:3,1
DA:4,1
DA:6,1
DA:8,1
LF:5
LH:5
BRF:0
BRH:0
end_of_record
